<?xml version="1.0" encoding="UTF-8"?>
<!-- Generated by org.testng.reporters.JUnitReportReporter -->
<testsuite skipped="0" hostname="Syeds-MBP.home" name="Test_Cases.SignupApplication" tests="1" failures="0" timestamp="22 Nov 2020 10:23:20 GMT" time="5.036" errors="0">
  <testcase name="signup" time="5.036" classname="Test_Cases.SignupApplication"/>
</testsuite> <!-- Test_Cases.SignupApplication -->
